<?xml version="1.0" encoding="UTF-8" standalone="no"?>
<!DOCTYPE log SYSTEM "logger.dtd">
<log>
<record>
  <date>2022-08-08T06:23:30.616216400Z</date>
  <millis>1659939810616</millis>
  <nanos>216400</nanos>
  <sequence>0</sequence>
  <logger>loggerClient</logger>
  <level>INFO</level>
  <class>Client.MessageHandler</class>
  <method>readMessages</method>
  <thread>16</thread>
  <message>В чате новый участник Участник 1</message>
</record>
<record>
  <date>2022-08-08T06:23:43.547170300Z</date>
  <millis>1659939823547</millis>
  <nanos>170300</nanos>
  <sequence>1</sequence>
  <logger>loggerClient</logger>
  <level>INFO</level>
  <class>Client.MessageHandler</class>
  <method>readMessages</method>
  <thread>16</thread>
  <message>В чате новый участник Участник 2</message>
</record>
<record>
  <date>2022-08-08T06:23:51.588199700Z</date>
  <millis>1659939831588</millis>
  <nanos>199700</nanos>
  <sequence>2</sequence>
  <logger>loggerClient</logger>
  <level>INFO</level>
  <class>Client.MessageHandler</class>
  <method>readMessages</method>
  <thread>16</thread>
  <message>Участник 2: Привет</message>
</record>
<record>
  <date>2022-08-08T06:24:15.034560900Z</date>
  <millis>1659939855034</millis>
  <nanos>560900</nanos>
  <sequence>3</sequence>
  <logger>loggerClient</logger>
  <level>INFO</level>
  <class>Client.MessageHandler</class>
  <method>readMessages</method>
  <thread>16</thread>
  <message>Участник 1: Добрый день!</message>
</record>
<record>
  <date>2022-08-08T06:24:29.305829700Z</date>
  <millis>1659939869305</millis>
  <nanos>829700</nanos>
  <sequence>4</sequence>
  <logger>loggerClient</logger>
  <level>INFO</level>
  <class>Client.MessageHandler</class>
  <method>readMessages</method>
  <thread>16</thread>
  <message>Участник 1:  покинул чат</message>
</record>
</log>
<?xml version="1.0" encoding="UTF-8" standalone="no"?>
<!DOCTYPE log SYSTEM "logger.dtd">
<log>
<record>
  <date>2022-08-22T02:07:39.528142100Z</date>
  <millis>1661134059528</millis>
  <nanos>142100</nanos>
  <sequence>0</sequence>
  <logger>loggerClient</logger>
  <level>INFO</level>
  <class>Client.MessageHandler</class>
  <method>readMessages</method>
  <thread>16</thread>
  <message>В чате новый участник File.separator</message>
</record>
<record>
  <date>2022-08-22T02:07:46.498097100Z</date>
  <millis>1661134066498</millis>
  <nanos>97100</nanos>
  <sequence>1</sequence>
  <logger>loggerClient</logger>
  <level>INFO</level>
  <class>Client.MessageHandler</class>
  <method>readMessages</method>
  <thread>16</thread>
  <message>File.separator:  покинул чат</message>
</record>
</log>
