<?xml version="1.0" encoding="UTF-8" standalone="no"?>
<!DOCTYPE log SYSTEM "logger.dtd">
<log>
<record>
  <date>2022-08-08T06:23:05.731016100Z</date>
  <millis>1659939785731</millis>
  <nanos>16100</nanos>
  <sequence>0</sequence>
  <logger>loggerServer</logger>
  <level>INFO</level>
  <class>Server.Server</class>
  <method>start</method>
  <thread>1</thread>
  <message>Server started</message>
</record>
<record>
  <date>2022-08-08T06:23:30.613208400Z</date>
  <millis>1659939810613</millis>
  <nanos>208400</nanos>
  <sequence>1</sequence>
  <logger>loggerServer</logger>
  <level>INFO</level>
  <class>Server.Server</class>
  <method>sendLogger</method>
  <thread>15</thread>
  <message>В чате новый участник Участник 1</message>
</record>
<record>
  <date>2022-08-08T06:23:43.546157700Z</date>
  <millis>1659939823546</millis>
  <nanos>157700</nanos>
  <sequence>2</sequence>
  <logger>loggerServer</logger>
  <level>INFO</level>
  <class>Server.Server</class>
  <method>sendLogger</method>
  <thread>16</thread>
  <message>В чате новый участник Участник 2</message>
</record>
<record>
  <date>2022-08-08T06:23:51.587197300Z</date>
  <millis>1659939831587</millis>
  <nanos>197300</nanos>
  <sequence>3</sequence>
  <logger>loggerServer</logger>
  <level>INFO</level>
  <class>Server.Server</class>
  <method>sendLogger</method>
  <thread>16</thread>
  <message>Участник 'Участник 2': 'Привет'</message>
</record>
<record>
  <date>2022-08-08T06:24:15.033558800Z</date>
  <millis>1659939855033</millis>
  <nanos>558800</nanos>
  <sequence>4</sequence>
  <logger>loggerServer</logger>
  <level>INFO</level>
  <class>Server.Server</class>
  <method>sendLogger</method>
  <thread>15</thread>
  <message>Участник 'Участник 1': 'Добрый день!'</message>
</record>
<record>
  <date>2022-08-08T06:24:29.305327400Z</date>
  <millis>1659939869305</millis>
  <nanos>327400</nanos>
  <sequence>5</sequence>
  <logger>loggerServer</logger>
  <level>INFO</level>
  <class>Server.Server</class>
  <method>sendLogger</method>
  <thread>15</thread>
  <message>Участник 'Участник 1': ' покинул чат'</message>
</record>
<record>
  <date>2022-08-08T06:24:34.954098400Z</date>
  <millis>1659939874954</millis>
  <nanos>98400</nanos>
  <sequence>6</sequence>
  <logger>loggerServer</logger>
  <level>INFO</level>
  <class>Server.Server</class>
  <method>sendLogger</method>
  <thread>16</thread>
  <message>Участник 'Участник 2': ' покинул чат'</message>
</record>
